Informed scheduler that task   SaveAllVideoInMongo__99914b932b   has status   PENDING
Informed scheduler that task   GetAllVideo__99914b932b   has status   PENDING
Informed scheduler that task   GetAllVideoFromArchive_50_xpo_id_zip_c074fa074f   has status   PENDING
Informed scheduler that task   DownloadArchive_50_xpo_id_zip_c074fa074f   has status   PENDING
Informed scheduler that task   GetAllVideoFromArchive_49_usa_ssn82_zip_537cc70c79   has status   PENDING
Informed scheduler that task   DownloadArchive_49_usa_ssn82_zip_537cc70c79   has status   PENDING
Informed scheduler that task   GetAllVideoFromArchive_48_usa_passportc_e3ad041bb4   has status   PENDING
Informed scheduler that task   DownloadArchive_48_usa_passportc_e3ad041bb4   has status   PENDING
Informed scheduler that task   GetAllVideoFromArchive_47_usa_bordercro_35316e9ee9   has status   PENDING
Informed scheduler that task   DownloadArchive_47_usa_bordercro_35316e9ee9   has status   PENDING
Informed scheduler that task   GetAllVideoFromArchive_46_ury_passport__ff03c9d66d   has status   PENDING
Informed scheduler that task   DownloadArchive_46_ury_passport__ff03c9d66d   has status   PENDING
Informed scheduler that task   GetAllVideoFromArchive_45_ukr_passport__bbb910ca57   has status   PENDING
Informed scheduler that task   DownloadArchive_45_ukr_passport__bbb910ca57   has status   PENDING
Informed scheduler that task   GetAllVideoFromArchive_44_ukr_id_zip_1e72e8f098   has status   PENDING
Informed scheduler that task   DownloadArchive_44_ukr_id_zip_1e72e8f098   has status   PENDING
Informed scheduler that task   GetAllVideoFromArchive_43_tur_id_zip_6238768636   has status   PENDING
Informed scheduler that task   DownloadArchive_43_tur_id_zip_6238768636   has status   PENDING
Informed scheduler that task   GetAllVideoFromArchive_42_svk_id_zip_18cae736a0   has status   PENDING
Informed scheduler that task   DownloadArchive_42_svk_id_zip_18cae736a0   has status   PENDING
Informed scheduler that task   GetAllVideoFromArchive_41_srb_passport__9a40f3f398   has status   PENDING
Informed scheduler that task   DownloadArchive_41_srb_passport__9a40f3f398   has status   PENDING
Informed scheduler that task   GetAllVideoFromArchive_40_srb_id_zip_0d36464119   has status   PENDING
Informed scheduler that task   DownloadArchive_40_srb_id_zip_0d36464119   has status   PENDING
Informed scheduler that task   GetAllVideoFromArchive_39_rus_internalp_c2d7bea422   has status   PENDING
Informed scheduler that task   DownloadArchive_39_rus_internalp_c2d7bea422   has status   PENDING
Informed scheduler that task   GetAllVideoFromArchive_38_rou_drvlic_zi_70b1312529   has status   PENDING
Informed scheduler that task   DownloadArchive_38_rou_drvlic_zi_70b1312529   has status   PENDING
Informed scheduler that task   GetAllVideoFromArchive_37_prt_id_zip_6200f50a29   has status   PENDING
Informed scheduler that task   DownloadArchive_37_prt_id_zip_6200f50a29   has status   PENDING
Informed scheduler that task   GetAllVideoFromArchive_36_pol_drvlic_zi_aae199c668   has status   PENDING
Informed scheduler that task   DownloadArchive_36_pol_drvlic_zi_aae199c668   has status   PENDING
Informed scheduler that task   GetAllVideoFromArchive_35_nor_drvlic_zi_87ed8b74bf   has status   PENDING
Informed scheduler that task   DownloadArchive_35_nor_drvlic_zi_87ed8b74bf   has status   PENDING
Informed scheduler that task   GetAllVideoFromArchive_34_mda_passport__871f44e13d   has status   PENDING
Informed scheduler that task   DownloadArchive_34_mda_passport__871f44e13d   has status   PENDING
Informed scheduler that task   GetAllVideoFromArchive_33_mac_id_zip_ae2e92d86b   has status   PENDING
Informed scheduler that task   DownloadArchive_33_mac_id_zip_ae2e92d86b   has status   PENDING
Informed scheduler that task   GetAllVideoFromArchive_32_lva_passport__fc58652015   has status   PENDING
Informed scheduler that task   DownloadArchive_32_lva_passport__fc58652015   has status   PENDING
Informed scheduler that task   GetAllVideoFromArchive_31_jpn_drvlic_zi_6602d5b243   has status   PENDING
Informed scheduler that task   DownloadArchive_31_jpn_drvlic_zi_6602d5b243   has status   PENDING
Informed scheduler that task   GetAllVideoFromArchive_30_ita_drvlic_zi_0dcd83a597   has status   PENDING
Informed scheduler that task   DownloadArchive_30_ita_drvlic_zi_0dcd83a597   has status   PENDING
Informed scheduler that task   GetAllVideoFromArchive_29_irn_drvlic_zi_be047f57b2   has status   PENDING
Informed scheduler that task   DownloadArchive_29_irn_drvlic_zi_be047f57b2   has status   PENDING
Informed scheduler that task   GetAllVideoFromArchive_28_hun_passport__3f1f67f1e2   has status   PENDING
Informed scheduler that task   DownloadArchive_28_hun_passport__3f1f67f1e2   has status   PENDING
Informed scheduler that task   GetAllVideoFromArchive_27_hrv_passport__8c4da10a6b   has status   PENDING
Informed scheduler that task   DownloadArchive_27_hrv_passport__8c4da10a6b   has status   PENDING
Informed scheduler that task   GetAllVideoFromArchive_26_hrv_drvlic_zi_fcd6ca53bd   has status   PENDING
Informed scheduler that task   DownloadArchive_26_hrv_drvlic_zi_fcd6ca53bd   has status   PENDING
Informed scheduler that task   GetAllVideoFromArchive_25_grc_passport__1c69ba04af   has status   PENDING
Informed scheduler that task   DownloadArchive_25_grc_passport__1c69ba04af   has status   PENDING
Informed scheduler that task   GetAllVideoFromArchive_24_fin_id_zip_f59406e1ae   has status   PENDING
Informed scheduler that task   DownloadArchive_24_fin_id_zip_f59406e1ae   has status   PENDING
Informed scheduler that task   GetAllVideoFromArchive_23_fin_drvlic_zi_a948a7b09f   has status   PENDING
Informed scheduler that task   DownloadArchive_23_fin_drvlic_zi_a948a7b09f   has status   PENDING
Informed scheduler that task   GetAllVideoFromArchive_22_est_id_zip_d834959506   has status   PENDING
Informed scheduler that task   DownloadArchive_22_est_id_zip_d834959506   has status   PENDING
Informed scheduler that task   GetAllVideoFromArchive_21_esp_id_old_zi_dd4fca6ede   has status   PENDING
Informed scheduler that task   DownloadArchive_21_esp_id_old_zi_dd4fca6ede   has status   PENDING
Informed scheduler that task   GetAllVideoFromArchive_20_esp_id_new_zi_b0fe197a5e   has status   PENDING
Informed scheduler that task   DownloadArchive_20_esp_id_new_zi_b0fe197a5e   has status   PENDING
Informed scheduler that task   GetAllVideoFromArchive_19_esp_drvlic_zi_c36a1a97dd   has status   PENDING
Informed scheduler that task   DownloadArchive_19_esp_drvlic_zi_c36a1a97dd   has status   PENDING
Informed scheduler that task   GetAllVideoFromArchive_18_dza_passport__d765f86535   has status   PENDING
Informed scheduler that task   DownloadArchive_18_dza_passport__d765f86535   has status   PENDING
Informed scheduler that task   GetAllVideoFromArchive_17_deu_passport__47feaa8b37   has status   PENDING
Informed scheduler that task   DownloadArchive_17_deu_passport__47feaa8b37   has status   PENDING
Informed scheduler that task   GetAllVideoFromArchive_16_deu_passport__8ea87ce62b   has status   PENDING
Informed scheduler that task   DownloadArchive_16_deu_passport__8ea87ce62b   has status   PENDING
Informed scheduler that task   GetAllVideoFromArchive_15_deu_id_old_zi_c442f3b48f   has status   PENDING
Informed scheduler that task   DownloadArchive_15_deu_id_old_zi_c442f3b48f   has status   PENDING
Informed scheduler that task   GetAllVideoFromArchive_14_deu_id_new_zi_4405d306af   has status   PENDING
Informed scheduler that task   DownloadArchive_14_deu_id_new_zi_4405d306af   has status   PENDING
Informed scheduler that task   GetAllVideoFromArchive_13_deu_drvlic_ol_18d99721fa   has status   PENDING
Informed scheduler that task   DownloadArchive_13_deu_drvlic_ol_18d99721fa   has status   PENDING
Informed scheduler that task   GetAllVideoFromArchive_12_deu_drvlic_ne_52a587ac56   has status   PENDING
Informed scheduler that task   DownloadArchive_12_deu_drvlic_ne_52a587ac56   has status   PENDING
Informed scheduler that task   GetAllVideoFromArchive_11_cze_passport__ab4a01bdd4   has status   PENDING
Informed scheduler that task   DownloadArchive_11_cze_passport__ab4a01bdd4   has status   PENDING
Informed scheduler that task   GetAllVideoFromArchive_10_cze_id_zip_8114831c99   has status   PENDING
Informed scheduler that task   DownloadArchive_10_cze_id_zip_8114831c99   has status   PENDING
Informed scheduler that task   GetAllVideoFromArchive_09_chn_id_zip_0bff446133   has status   PENDING
Informed scheduler that task   DownloadArchive_09_chn_id_zip_0bff446133   has status   PENDING
Informed scheduler that task   GetAllVideoFromArchive_08_chn_homeretur_a718cba716   has status   PENDING
Informed scheduler that task   DownloadArchive_08_chn_homeretur_a718cba716   has status   PENDING
Informed scheduler that task   GetAllVideoFromArchive_07_chl_id_zip_17dab7a3b1   has status   PENDING
Informed scheduler that task   DownloadArchive_07_chl_id_zip_17dab7a3b1   has status   PENDING
Informed scheduler that task   GetAllVideoFromArchive_06_bra_passport__3c5c1a9cc5   has status   PENDING
Informed scheduler that task   DownloadArchive_06_bra_passport__3c5c1a9cc5   has status   PENDING
Informed scheduler that task   GetAllVideoFromArchive_05_aze_passport__5619ad9119   has status   PENDING
Informed scheduler that task   DownloadArchive_05_aze_passport__5619ad9119   has status   PENDING
Informed scheduler that task   GetAllVideoFromArchive_04_aut_id_zip_ac72169b81   has status   PENDING
Informed scheduler that task   DownloadArchive_04_aut_id_zip_ac72169b81   has status   PENDING
Informed scheduler that task   GetAllVideoFromArchive_03_aut_id_old_zi_0bf8f3e61e   has status   PENDING
Informed scheduler that task   DownloadArchive_03_aut_id_old_zi_0bf8f3e61e   has status   PENDING
Informed scheduler that task   GetAllVideoFromArchive_02_aut_drvlic_ne_ec4cfa18ef   has status   PENDING
Informed scheduler that task   DownloadArchive_02_aut_drvlic_ne_ec4cfa18ef   has status   PENDING
Informed scheduler that task   GetAllVideoFromArchive_01_alb_id_zip_a817022278   has status   PENDING
Informed scheduler that task   DownloadArchive_01_alb_id_zip_a817022278   has status   PENDING
Done scheduling tasks
Running Worker with 1 processes
[pid 65164] Worker Worker(salt=058214654, workers=1, host=MBP-de-florent, username=florent, pid=65164) running   DownloadArchive(archive_name=50_xpo_id.zip)
Worker Worker(salt=058214654, workers=1, host=MBP-de-florent, username=florent, pid=65164) was stopped. Shutting down Keep-Alive thread
